[2021-01-01T10:14:15.457] [INFO] access - ::1 - - "GET / HTTP/1.1" 200 1354 "" "Mozilla/5.0 (Macintosh; Intel Mac OS X 10_14_6) AppleWebKit/537.36 (KHTML, like Gecko) Chrome/87.0.4280.88 Safari/537.36"
[2021-01-01T10:14:15.579] [ERROR] access - ::1 - - "GET /public/third_party/bootstrap/css/bootstrap.css HTTP/1.1" 404 185 "http://localhost:3000/" "Mozilla/5.0 (Macintosh; Intel Mac OS X 10_14_6) AppleWebKit/537.36 (KHTML, like Gecko) Chrome/87.0.4280.88 Safari/537.36"
[2021-01-01T10:14:15.589] [ERROR] access - ::1 - - "GET /public/third_party/font-awesome/css/font-awesome.css HTTP/1.1" 404 191 "http://localhost:3000/" "Mozilla/5.0 (Macintosh; Intel Mac OS X 10_14_6) AppleWebKit/537.36 (KHTML, like Gecko) Chrome/87.0.4280.88 Safari/537.36"
[2021-01-01T10:14:15.593] [ERROR] access - ::1 - - "GET /public/third_party/jquery/jquery.js HTTP/1.1" 404 174 "http://localhost:3000/" "Mozilla/5.0 (Macintosh; Intel Mac OS X 10_14_6) AppleWebKit/537.36 (KHTML, like Gecko) Chrome/87.0.4280.88 Safari/537.36"
[2021-01-01T10:14:15.607] [ERROR] access - ::1 - - "GET /public/third_party/popper.js/popper.js HTTP/1.1" 404 177 "http://localhost:3000/" "Mozilla/5.0 (Macintosh; Intel Mac OS X 10_14_6) AppleWebKit/537.36 (KHTML, like Gecko) Chrome/87.0.4280.88 Safari/537.36"
[2021-01-01T10:14:15.613] [ERROR] access - ::1 - - "GET /public/third_party/bootstrap/js/bootstrap.js HTTP/1.1" 404 183 "http://localhost:3000/" "Mozilla/5.0 (Macintosh; Intel Mac OS X 10_14_6) AppleWebKit/537.36 (KHTML, like Gecko) Chrome/87.0.4280.88 Safari/537.36"
[2021-01-01T10:14:15.773] [ERROR] access - ::1 - - "GET /favicon.ico HTTP/1.1" 404 150 "http://localhost:3000/" "Mozilla/5.0 (Macintosh; Intel Mac OS X 10_14_6) AppleWebKit/537.36 (KHTML, like Gecko) Chrome/87.0.4280.88 Safari/537.36"
[2021-01-01T10:15:21.191] [INFO] access - ::1 - - "GET /posts/2017/05/hello-nodejs.html HTTP/1.1" 200 1545 "" "Mozilla/5.0 (Macintosh; Intel Mac OS X 10_14_6) AppleWebKit/537.36 (KHTML, like Gecko) Chrome/87.0.4280.88 Safari/537.36"
[2021-01-01T10:15:21.244] [ERROR] access - ::1 - - "GET /public/third_party/bootstrap/css/bootstrap.css HTTP/1.1" 404 185 "http://localhost:3000/posts/2017/05/hello-nodejs.html" "Mozilla/5.0 (Macintosh; Intel Mac OS X 10_14_6) AppleWebKit/537.36 (KHTML, like Gecko) Chrome/87.0.4280.88 Safari/537.36"
[2021-01-01T10:15:21.253] [ERROR] access - ::1 - - "GET /public/third_party/font-awesome/css/font-awesome.css HTTP/1.1" 404 191 "http://localhost:3000/posts/2017/05/hello-nodejs.html" "Mozilla/5.0 (Macintosh; Intel Mac OS X 10_14_6) AppleWebKit/537.36 (KHTML, like Gecko) Chrome/87.0.4280.88 Safari/537.36"
[2021-01-01T10:15:21.255] [ERROR] access - ::1 - - "GET /public/third_party/jquery/jquery.js HTTP/1.1" 404 174 "http://localhost:3000/posts/2017/05/hello-nodejs.html" "Mozilla/5.0 (Macintosh; Intel Mac OS X 10_14_6) AppleWebKit/537.36 (KHTML, like Gecko) Chrome/87.0.4280.88 Safari/537.36"
[2021-01-01T10:15:21.256] [ERROR] access - ::1 - - "GET /public/third_party/popper.js/popper.js HTTP/1.1" 404 177 "http://localhost:3000/posts/2017/05/hello-nodejs.html" "Mozilla/5.0 (Macintosh; Intel Mac OS X 10_14_6) AppleWebKit/537.36 (KHTML, like Gecko) Chrome/87.0.4280.88 Safari/537.36"
[2021-01-01T10:15:21.257] [ERROR] access - ::1 - - "GET /public/third_party/bootstrap/js/bootstrap.js HTTP/1.1" 404 183 "http://localhost:3000/posts/2017/05/hello-nodejs.html" "Mozilla/5.0 (Macintosh; Intel Mac OS X 10_14_6) AppleWebKit/537.36 (KHTML, like Gecko) Chrome/87.0.4280.88 Safari/537.36"
[2021-01-01T10:16:19.340] [WARN] access - ::1 - - "GET /posts/2017/05/hello-nodejs.html HTTP/1.1" 304 - "" "Mozilla/5.0 (Macintosh; Intel Mac OS X 10_14_6) AppleWebKit/537.36 (KHTML, like Gecko) Chrome/87.0.4280.88 Safari/537.36"
[2021-01-01T10:16:19.434] [ERROR] access - ::1 - - "GET /public/third_party/bootstrap/css/bootstrap.css HTTP/1.1" 404 185 "http://localhost:3000/posts/2017/05/hello-nodejs.html" "Mozilla/5.0 (Macintosh; Intel Mac OS X 10_14_6) AppleWebKit/537.36 (KHTML, like Gecko) Chrome/87.0.4280.88 Safari/537.36"
[2021-01-01T10:16:19.441] [ERROR] access - ::1 - - "GET /public/third_party/font-awesome/css/font-awesome.css HTTP/1.1" 404 191 "http://localhost:3000/posts/2017/05/hello-nodejs.html" "Mozilla/5.0 (Macintosh; Intel Mac OS X 10_14_6) AppleWebKit/537.36 (KHTML, like Gecko) Chrome/87.0.4280.88 Safari/537.36"
[2021-01-01T10:16:19.453] [ERROR] access - ::1 - - "GET /public/third_party/jquery/jquery.js HTTP/1.1" 404 174 "http://localhost:3000/posts/2017/05/hello-nodejs.html" "Mozilla/5.0 (Macintosh; Intel Mac OS X 10_14_6) AppleWebKit/537.36 (KHTML, like Gecko) Chrome/87.0.4280.88 Safari/537.36"
[2021-01-01T10:16:19.465] [ERROR] access - ::1 - - "GET /public/third_party/popper.js/popper.js HTTP/1.1" 404 177 "http://localhost:3000/posts/2017/05/hello-nodejs.html" "Mozilla/5.0 (Macintosh; Intel Mac OS X 10_14_6) AppleWebKit/537.36 (KHTML, like Gecko) Chrome/87.0.4280.88 Safari/537.36"
[2021-01-01T10:16:19.485] [ERROR] access - ::1 - - "GET /public/third_party/bootstrap/js/bootstrap.js HTTP/1.1" 404 183 "http://localhost:3000/posts/2017/05/hello-nodejs.html" "Mozilla/5.0 (Macintosh; Intel Mac OS X 10_14_6) AppleWebKit/537.36 (KHTML, like Gecko) Chrome/87.0.4280.88 Safari/537.36"
[2021-01-01T10:16:20.518] [WARN] access - ::1 - - "GET /posts/2017/05/hello-nodejs.html HTTP/1.1" 304 - "" "Mozilla/5.0 (Macintosh; Intel Mac OS X 10_14_6) AppleWebKit/537.36 (KHTML, like Gecko) Chrome/87.0.4280.88 Safari/537.36"
[2021-01-01T10:16:20.601] [ERROR] access - ::1 - - "GET /public/third_party/bootstrap/css/bootstrap.css HTTP/1.1" 404 185 "http://localhost:3000/posts/2017/05/hello-nodejs.html" "Mozilla/5.0 (Macintosh; Intel Mac OS X 10_14_6) AppleWebKit/537.36 (KHTML, like Gecko) Chrome/87.0.4280.88 Safari/537.36"
[2021-01-01T10:16:20.607] [ERROR] access - ::1 - - "GET /public/third_party/font-awesome/css/font-awesome.css HTTP/1.1" 404 191 "http://localhost:3000/posts/2017/05/hello-nodejs.html" "Mozilla/5.0 (Macintosh; Intel Mac OS X 10_14_6) AppleWebKit/537.36 (KHTML, like Gecko) Chrome/87.0.4280.88 Safari/537.36"
[2021-01-01T10:16:20.611] [ERROR] access - ::1 - - "GET /public/third_party/jquery/jquery.js HTTP/1.1" 404 174 "http://localhost:3000/posts/2017/05/hello-nodejs.html" "Mozilla/5.0 (Macintosh; Intel Mac OS X 10_14_6) AppleWebKit/537.36 (KHTML, like Gecko) Chrome/87.0.4280.88 Safari/537.36"
[2021-01-01T10:16:20.612] [ERROR] access - ::1 - - "GET /public/third_party/popper.js/popper.js HTTP/1.1" 404 177 "http://localhost:3000/posts/2017/05/hello-nodejs.html" "Mozilla/5.0 (Macintosh; Intel Mac OS X 10_14_6) AppleWebKit/537.36 (KHTML, like Gecko) Chrome/87.0.4280.88 Safari/537.36"
[2021-01-01T10:16:20.614] [ERROR] access - ::1 - - "GET /public/third_party/bootstrap/js/bootstrap.js HTTP/1.1" 404 183 "http://localhost:3000/posts/2017/05/hello-nodejs.html" "Mozilla/5.0 (Macintosh; Intel Mac OS X 10_14_6) AppleWebKit/537.36 (KHTML, like Gecko) Chrome/87.0.4280.88 Safari/537.36"
[2021-01-01T10:16:27.852] [WARN] access - ::1 - - "GET /posts/2017/05/hello-nodejs.html HTTP/1.1" 304 - "" "Mozilla/5.0 (Macintosh; Intel Mac OS X 10_14_6) AppleWebKit/537.36 (KHTML, like Gecko) Chrome/87.0.4280.88 Safari/537.36"
[2021-01-01T10:16:27.944] [ERROR] access - ::1 - - "GET /public/third_party/bootstrap/css/bootstrap.css HTTP/1.1" 404 185 "http://localhost:3000/posts/2017/05/hello-nodejs.html" "Mozilla/5.0 (Macintosh; Intel Mac OS X 10_14_6) AppleWebKit/537.36 (KHTML, like Gecko) Chrome/87.0.4280.88 Safari/537.36"
[2021-01-01T10:16:27.957] [ERROR] access - ::1 - - "GET /public/third_party/popper.js/popper.js HTTP/1.1" 404 177 "http://localhost:3000/posts/2017/05/hello-nodejs.html" "Mozilla/5.0 (Macintosh; Intel Mac OS X 10_14_6) AppleWebKit/537.36 (KHTML, like Gecko) Chrome/87.0.4280.88 Safari/537.36"
[2021-01-01T10:16:27.958] [ERROR] access - ::1 - - "GET /public/third_party/jquery/jquery.js HTTP/1.1" 404 174 "http://localhost:3000/posts/2017/05/hello-nodejs.html" "Mozilla/5.0 (Macintosh; Intel Mac OS X 10_14_6) AppleWebKit/537.36 (KHTML, like Gecko) Chrome/87.0.4280.88 Safari/537.36"
[2021-01-01T10:16:27.959] [ERROR] access - ::1 - - "GET /public/third_party/bootstrap/js/bootstrap.js HTTP/1.1" 404 183 "http://localhost:3000/posts/2017/05/hello-nodejs.html" "Mozilla/5.0 (Macintosh; Intel Mac OS X 10_14_6) AppleWebKit/537.36 (KHTML, like Gecko) Chrome/87.0.4280.88 Safari/537.36"
[2021-01-01T10:16:27.961] [ERROR] access - ::1 - - "GET /public/third_party/font-awesome/css/font-awesome.css HTTP/1.1" 404 191 "http://localhost:3000/posts/2017/05/hello-nodejs.html" "Mozilla/5.0 (Macintosh; Intel Mac OS X 10_14_6) AppleWebKit/537.36 (KHTML, like Gecko) Chrome/87.0.4280.88 Safari/537.36"
[2021-01-01T10:16:28.002] [ERROR] access - ::1 - - "GET /public/third_party/popper.js/popper.js HTTP/1.1" 404 177 "http://localhost:3000/posts/2017/05/hello-nodejs.html" "Mozilla/5.0 (Macintosh; Intel Mac OS X 10_14_6) AppleWebKit/537.36 (KHTML, like Gecko) Chrome/87.0.4280.88 Safari/537.36"
[2021-01-01T10:16:28.009] [ERROR] access - ::1 - - "GET /public/third_party/bootstrap/js/bootstrap.js HTTP/1.1" 404 183 "http://localhost:3000/posts/2017/05/hello-nodejs.html" "Mozilla/5.0 (Macintosh; Intel Mac OS X 10_14_6) AppleWebKit/537.36 (KHTML, like Gecko) Chrome/87.0.4280.88 Safari/537.36"
[2021-01-01T10:17:25.568] [INFO] access - ::1 - - "GET /posts/2017/07/advanced-nodejs.html HTTP/1.1" 200 1553 "" "Mozilla/5.0 (Macintosh; Intel Mac OS X 10_14_6) AppleWebKit/537.36 (KHTML, like Gecko) Chrome/87.0.4280.88 Safari/537.36"
[2021-01-01T10:17:25.665] [ERROR] access - ::1 - - "GET /public/third_party/bootstrap/css/bootstrap.css HTTP/1.1" 404 185 "http://localhost:3000/posts/2017/07/advanced-nodejs.html" "Mozilla/5.0 (Macintosh; Intel Mac OS X 10_14_6) AppleWebKit/537.36 (KHTML, like Gecko) Chrome/87.0.4280.88 Safari/537.36"
[2021-01-01T10:17:25.672] [ERROR] access - ::1 - - "GET /public/third_party/font-awesome/css/font-awesome.css HTTP/1.1" 404 191 "http://localhost:3000/posts/2017/07/advanced-nodejs.html" "Mozilla/5.0 (Macintosh; Intel Mac OS X 10_14_6) AppleWebKit/537.36 (KHTML, like Gecko) Chrome/87.0.4280.88 Safari/537.36"
[2021-01-01T10:17:25.676] [ERROR] access - ::1 - - "GET /public/third_party/jquery/jquery.js HTTP/1.1" 404 174 "http://localhost:3000/posts/2017/07/advanced-nodejs.html" "Mozilla/5.0 (Macintosh; Intel Mac OS X 10_14_6) AppleWebKit/537.36 (KHTML, like Gecko) Chrome/87.0.4280.88 Safari/537.36"
[2021-01-01T10:17:25.679] [ERROR] access - ::1 - - "GET /public/third_party/popper.js/popper.js HTTP/1.1" 404 177 "http://localhost:3000/posts/2017/07/advanced-nodejs.html" "Mozilla/5.0 (Macintosh; Intel Mac OS X 10_14_6) AppleWebKit/537.36 (KHTML, like Gecko) Chrome/87.0.4280.88 Safari/537.36"
[2021-01-01T10:17:25.696] [ERROR] access - ::1 - - "GET /public/third_party/bootstrap/js/bootstrap.js HTTP/1.1" 404 183 "http://localhost:3000/posts/2017/07/advanced-nodejs.html" "Mozilla/5.0 (Macintosh; Intel Mac OS X 10_14_6) AppleWebKit/537.36 (KHTML, like Gecko) Chrome/87.0.4280.88 Safari/537.36"
